<?xml version="1.0" encoding="UTF-8"?>
<testng-results skipped="0" failed="0" ignored="0" total="1" passed="1">
  <reporter-output>
  </reporter-output>
  <suite name="Default suite" duration-ms="22774" started-at="2020-06-04T12:33:10Z" finished-at="2020-06-04T12:33:33Z">
    <groups>
    </groups>
    <test name="Default test" duration-ms="22774" started-at="2020-06-04T12:33:10Z" finished-at="2020-06-04T12:33:33Z">
      <class name="TestCases.LoginTest">
        <test-method status="PASS" signature="dologin(java.lang.String, java.lang.String, java.lang.String)[pri:0, instance:TestCases.LoginTest@3a52dba3]" name="dologin" duration-ms="22716" started-at="2020-06-04T18:03:10Z" data-provider="getdata" finished-at="2020-06-04T18:03:33Z">
          <params>
            <param index="0">
              <value>
                <![CDATA[pankajakha@gmail.com]]>
              </value>
            </param>
            <param index="1">
              <value>
                <![CDATA[swat92#]]>
              </value>
            </param>
            <param index="2">
              <value>
                <![CDATA[Y]]>
              </value>
            </param>
          </params>
          <reporter-output>
          </reporter-output>
        </test-method> <!-- dologin -->
      </class> <!-- TestCases.LoginTest -->
    </test> <!-- Default test -->
  </suite> <!-- Default suite -->
</testng-results>
